Case #1: CAB
Case #2: MJA
Case #3: OCDE
Case #4: BBAAA
Case #5: CCCABBBAB
Case #6: CCCBAABAB
Case #7: ZXCASDQWE
Case #8: MMDFHIKLAJGECBA
Case #9: DDDCBBBBBAAACC
Case #10: MMAHGEDCABFIJKL
Case #11: BAA
Case #12: CCCBBBBAAAABAAA
Case #13: BAAA
Case #14: ZZXRNLKQPLPFNTK
Case #15: CCCCCCCCAAABBBA
Case #16: ONJAICBFGMKEHDL
Case #17: MMLKJIGFEABCDHA
Case #18: CCCCCBBBBBAAAAA
Case #19: OJHBCADGEIKLFNM
Case #20: ZVSSRFFQFRBGQMR
Case #21: CCCBBBBBABBBABB
Case #22: ZTLXSYJLSDHSSTW
Case #23: BBA
Case #24: ZAYBXCWDUE
Case #25: RRBAACADABA
Case #26: BAA
Case #27: CCCCCBBBBBAAAAA
Case #28: BB
Case #29: BBA
Case #30: CCCBAAABBABAB
Case #31: BAA
Case #32: ZABCD
Case #33: BBBBBAAAAAAAA
Case #34: CCCCCBBABABBBAA
Case #35: CCCCCAAAABBBBBA
Case #36: CCCCCCBBABBBBAA
Case #37: CCCCBBAAAAABB
Case #38: CCCCCBABAAABABB
Case #39: CBBAAAAAAAAAA
Case #40: CCCCCBBBBBAAAAA
Case #41: CCCCCCCBABBAABA
Case #42: ZDABC
Case #43: CBBBBBAAAAAAA
Case #44: CCCCCCAABBBABBB
Case #45: BAAA
Case #46: ZAAAA
Case #47: CCCCCBBBBBAAAAA
Case #48: CCCAAAABBBAABAA
Case #49: CCCCBAAAAABBABB
Case #50: AAA
Case #51: CCCCBABBBABABAB
Case #52: ONMBJLIHDFCGEKA
Case #53: ONLKGDACFEIMHBJ
Case #54: CCCCCAAAABBBBBA
Case #55: OKNLCFIJGHEDMBA
Case #56: DCBBBBBAAAAAAA
Case #57: CBA
Case #58: CAB
Case #59: ZYYVMDHKQMTLKFQ
Case #60: BAAA
Case #61: MMBDEJKALIHGFCA
Case #62: CCCCCBABBBBAAAA
Case #63: BA
Case #64: OINLKJMHGFEBCDA
Case #65: DCBAAAAABCCBA
Case #66: CBA
Case #67: MMLKJIHGFDCBAEA
Case #68: ZDCBA
Case #69: ZADBC
Case #70: BBB
Case #71: CCCCCBBBBAAAAAB
Case #72: DDDCCBAAAAAAC
Case #73: CCCCCBBBBAABAAA
Case #74: CCCCCBBBBBAAAAA
Case #75: CCCCCBBBBBAAAAA
Case #76: MMKJIGDALHFECBA
Case #77: CCCCCCCCBBBBABB
Case #78: CCCCCBBBBAAAAAB
Case #79: ZACBA
Case #80: ONMHFCDBAGIJKLE
Case #81: ZABYCXDWEU
Case #82: BAAA
Case #83: DDDDCBBBBAABB
Case #84: CCCCCABBABBAAAA
Case #85: CBA
Case #86: AA
Case #87: CCCCCCCABBAAABA
Case #88: ZEDCBAYXWU
Case #89: CBA
Case #90: ONFCLKIHGDEMJBA
Case #91: A
Case #92: BBA
Case #93: CCBBBBBBAAAAAA
Case #94: OCJLNHEFMDIKGBA
Case #95: ZVLPNFQRLDHXYWB
Case #96: CCCCBBABBBBBAAA
Case #97: Z
Case #98: OFEDCBAHKJILMNG
Case #99: BA
Case #100: CCCCCCCAABAABBB
