Case #1: 3 4 6
Case #2: 28 50 72 93
Case #3: 3 10 17 24 31 38 45
Case #4: 11 14 17 23 27 30 33 34 40 42
Case #5: 4 5 6 7 8 9 10 11 12 13
Case #6: 14 18 22 26
Case #7: 3 10 14 20 24 26 34
Case #8: 5 6 7 8 9 10 11
Case #9: 9 11 14 15 17 20 22 23
Case #10: 2 3 5 7 9 11
Case #11: 11 13 15 16 17 18 20 23 25 26
Case #12: 9 13 18 19 26 30
Case #13: 8 9 11 13
Case #14: 7 8 10 13
Case #15: 4 8
Case #16: 7 12 14 19 20 21
Case #17: 2 4
Case #18: 4 8 13 16 19
Case #19: 128 145 177 197 209 228 242 280 292 298
Case #20: 4 8
Case #21: 6 8
Case #22: 14 18 20 23 24 28 30
Case #23: 4 9 13 16 17 18 28
Case #24: 2 4 6 8 10 11 13
Case #25: 21 23 30 33 36 39 43 46 47 50
Case #26: 5 13 20 26 31 32 33 34 35 55
Case #27: 2 6
Case #28: 22 222
Case #29: 6 8 10 12 13
Case #30: 76 129 146 150 164 196 214
Case #31: 5 12 13 19 23 24
Case #32: 3 7 11 15
Case #33: 7 9 10 11
Case #34: 1 2 3 4
Case #35: 2 3 5 7 10 13 14 17 18
Case #36: 1 2 3
Case #37: 5 15 25 35 45 55 65 75 85 95
Case #38: 11 13 16 20 24 28
Case #39: 4 8
Case #40: 12 15 18 21 23 25
Case #41: 3 5 6
Case #42: 2 4 5 7
Case #43: 16 18 19 22 25 27
Case #44: 2 5 9 13
Case #45: 2 22
Case #46: 6 8 10 12 13 14 15
Case #47: 19 26 33 38 42 48 50
Case #48: 4 6 7 10
Case #49: 2 3 4
Case #50: 3 4 5
